2021-02-11 13:44:28 0 [Note] InnoDB: Using Linux native AIO
2021-02-11 13:44:28 0 [Note] InnoDB: Mutexes and rw_locks use GCC atomic builtins
2021-02-11 13:44:28 0 [Note] InnoDB: Uses event mutexes
2021-02-11 13:44:28 0 [Note] InnoDB: Compressed tables use zlib 1.2.11
2021-02-11 13:44:28 0 [Note] InnoDB: Number of pools: 1
2021-02-11 13:44:28 0 [Note] InnoDB: Using SSE2 crc32 instructions
2021-02-11 13:44:28 0 [Note] InnoDB: Initializing buffer pool, total size = 128M, instances = 1, chunk size = 128M
2021-02-11 13:44:28 0 [Note] InnoDB: Completed initialization of buffer pool
2021-02-11 13:44:28 0 [Note] InnoDB: If the mysqld execution user is authorized, page cleaner thread priority can be changed. See the man page of setpriority().
2021-02-11 13:44:28 0 [Note] InnoDB: Setting log file ./ib_logfile101 size to 67108864 bytes
2021-02-11 13:44:28 0 [Note] InnoDB: Setting log file ./ib_logfile1 size to 67108864 bytes
2021-02-11 13:44:28 0 [Note] InnoDB: Renaming log file ./ib_logfile101 to ./ib_logfile0
2021-02-11 13:44:28 0 [Note] InnoDB: New log files created, LSN=1625448
2021-02-11 13:44:28 0 [Note] InnoDB: 128 out of 128 rollback segments are active.
2021-02-11 13:44:28 0 [Note] InnoDB: Creating shared tablespace for temporary tables
2021-02-11 13:44:28 0 [Note] InnoDB: Setting file './ibtmp1' size to 12 MB. Physically writing the file full; Please wait ...
2021-02-11 13:44:28 0 [Note] InnoDB: File './ibtmp1' size is now 12 MB.
2021-02-11 13:44:28 0 [Note] InnoDB: 10.3.22 started; log sequence number 1625612; transaction id 21
2021-02-11 13:44:28 0 [Note] InnoDB: Loading buffer pool(s) from /home/ismael/.local/share/akonadi/db_data/ib_buffer_pool
2021-02-11 13:44:28 0 [Note] Plugin 'FEEDBACK' is disabled.
2021-02-11 13:44:28 0 [Note] InnoDB: Buffer pool(s) load completed at 210211 13:44:28
2021-02-11 13:44:28 0 [Note] Reading of all Master_info entries succeeded
2021-02-11 13:44:28 0 [Note] Added new Master_info '' to hash table
2021-02-11 13:44:28 0 [Note] /usr/sbin/mysqld: ready for connections.
Version: '10.3.22-MariaDB-0ubuntu0.19.10.1'  socket: '/run/user/1000/akonadi/default/mysql.socket'  port: 0  Ubuntu 19.10
